<?xml version="1.0" encoding="UTF-8"?>
<!-- Generated by org.testng.reporters.JUnitReportReporter -->
<testsuite hostname="MyPC" name="com.example.tests.AlsoGroupCreationTests" tests="2" failures="0" timestamp="20 Aug 2015 21:09:30 GMT" time="1.362" errors="0">
  <testcase name="testEmptyGroupCreation" time="0.597" classname="com.example.tests.AlsoGroupCreationTests"/>
  <testcase name="testNonEmptyGroupCreation" time="0.765" classname="com.example.tests.AlsoGroupCreationTests"/>
</testsuite> <!-- com.example.tests.AlsoGroupCreationTests -->
