<?xml version="1.0" encoding="UTF-8"?>
<!-- Generated by org.testng.reporters.JUnitReportReporter -->
<testsuite hostname="MyPC" name="com.example.tests.GroupCreationTests" tests="2" failures="0" timestamp="20 Aug 2015 21:09:30 GMT" time="2.016" errors="0">
  <testcase name="testEmptyGroupCreation" time="0.778" classname="com.example.tests.GroupCreationTests"/>
  <testcase name="testNonEmptyGroupCreation" time="1.238" classname="com.example.tests.GroupCreationTests"/>
</testsuite> <!-- com.example.tests.GroupCreationTests -->
