<?xml version="1.0" encoding="UTF-8"?>
<!-- Generated by org.testng.reporters.JUnitReportReporter -->
<testsuite hostname="MyPC" name="com.example.tests.AlsoGroupCreationTests" tests="2" failures="0" timestamp="21 Aug 2015 21:27:47 GMT" time="1.392" errors="0">
  <testcase name="testNonEmptyGroupCreation" time="0.728" classname="com.example.tests.AlsoGroupCreationTests"/>
  <testcase name="testEmptyGroupCreation" time="0.664" classname="com.example.tests.AlsoGroupCreationTests"/>
</testsuite> <!-- com.example.tests.AlsoGroupCreationTests -->
