<?xml version="1.0" encoding="UTF-8"?>
<!-- Generated by org.testng.reporters.JUnitReportReporter -->
<testsuite hostname="MyPC" name="com.example.tests.GroupCreationTests" tests="2" failures="0" timestamp="21 Aug 2015 21:27:47 GMT" time="1.620" errors="0">
  <testcase name="testNonEmptyGroupCreation" time="0.869" classname="com.example.tests.GroupCreationTests"/>
  <testcase name="testEmptyGroupCreation" time="0.751" classname="com.example.tests.GroupCreationTests"/>
</testsuite> <!-- com.example.tests.GroupCreationTests -->
